<?xml version="1.0" encoding="UTF-8"?>
<!-- Generated by org.testng.reporters.JUnitReportReporter -->
<testsuite skipped="0" hostname="LAPTOP-VNLPNTOO" name="com.letcode.tests.LoginTest" tests="2" failures="0" timestamp="2021-07-11T15:07:05 IST" time="139.752" errors="0">
  <testcase name="titlevalidation" time="45.101" classname="com.letcode.tests.LoginTest"/>
  <system-out/>
  <testcase name="loginclicktest" time="94.651" classname="com.letcode.tests.LoginTest"/>
  <system-out/>
</testsuite> <!-- com.letcode.tests.LoginTest -->
