<?xml version="1.0" encoding="UTF-8"?>
<!-- Generated by org.testng.reporters.JUnitReportReporter -->
<testsuite skipped="0" hostname="LAPTOP-VNLPNTOO" name="com.letcode.tests.IframeTest" tests="2" failures="0" timestamp="2021-06-18T21:51:42 IST" time="129.579" errors="0">
  <testcase name="switchtofirstframe" time="60.925" classname="com.letcode.tests.IframeTest"/>
  <system-out/>
  <testcase name="switchtoinnerframe" time="68.654" classname="com.letcode.tests.IframeTest"/>
  <system-out/>
</testsuite> <!-- com.letcode.tests.IframeTest -->
