<?xml version="1.0" encoding="UTF-8"?>
<!-- Generated by org.testng.reporters.JUnitReportReporter -->
<testsuite skipped="0" hostname="LAPTOP-VNLPNTOO" name="com.letcode.tests.LoginTest" tests="2" failures="0" timestamp="2021-06-13T19:11:51 IST" time="45.596" errors="0">
  <testcase name="titlevalidation" time="24.755" classname="com.letcode.tests.LoginTest"/>
  <system-out/>
  <testcase name="loginclicktest" time="20.841" classname="com.letcode.tests.LoginTest"/>
  <system-out/>
</testsuite> <!-- com.letcode.tests.LoginTest -->
