<?xml version="1.0" encoding="UTF-8"?>
<!-- Generated by org.testng.reporters.JUnitReportReporter -->
<testsuite skipped="0" hostname="LAPTOP-VNLPNTOO" name="com.letcode.tests.SelectpageTest" tests="1" failures="0" timestamp="2021-06-13T16:35:32 IST" time="30.020" errors="0">
  <testcase name="selectoperations" time="30.020" classname="com.letcode.tests.SelectpageTest"/>
  <system-out/>
</testsuite> <!-- com.letcode.tests.SelectpageTest -->
