<?xml version="1.0" encoding="UTF-8"?>
<!-- Generated by org.testng.reporters.JUnitReportReporter -->
<testsuite skipped="0" hostname="LAPTOP-VNLPNTOO" name="com.letcode.tests.LoginTest" tests="2" failures="0" timestamp="2021-06-12T16:53:27 IST" time="50.073" errors="0">
  <testcase name="titlevalidation" time="28.370" classname="com.letcode.tests.LoginTest"/>
  <system-out/>
  <testcase name="loginclicktest" time="21.703" classname="com.letcode.tests.LoginTest"/>
  <system-out/>
</testsuite> <!-- com.letcode.tests.LoginTest -->
