<?xml version="1.0" encoding="UTF-8"?>
<!-- Generated by org.testng.reporters.JUnitReportReporter -->
<testsuite skipped="0" hostname="LAPTOP-VNLPNTOO" name="com.letcode.tests.TestingPageTest" tests="1" failures="0" timestamp="2021-06-13T15:27:37 IST" time="38.561" errors="0">
  <testcase name="practiceclick" time="38.561" classname="com.letcode.tests.TestingPageTest"/>
  <system-out/>
</testsuite> <!-- com.letcode.tests.TestingPageTest -->
