<?xml version="1.0" encoding="UTF-8"?>
<!-- Generated by org.testng.reporters.JUnitReportReporter -->
<testsuite hostname="LAPTOP-VNLPNTOO" name="com.letcode.tests.SelectpageTest" tests="1" failures="0" timestamp="14 Jun 2021 04:44:03 GMT" time="34.661" errors="0">
  <testcase name="selectoperations" time="34.661" classname="com.letcode.tests.SelectpageTest"/>
</testsuite> <!-- com.letcode.tests.SelectpageTest -->
